mode: set
github.com/ahmdrz/goinsta/generator.go:14.42,18.2 3 1
github.com/ahmdrz/goinsta/generator.go:20.44,24.2 3 1
github.com/ahmdrz/goinsta/generator.go:26.43,30.2 3 1
github.com/ahmdrz/goinsta/generator.go:32.40,34.13 2 1
github.com/ahmdrz/goinsta/generator.go:37.2,37.20 1 1
github.com/ahmdrz/goinsta/generator.go:34.13,36.3 1 1
github.com/ahmdrz/goinsta/generator.go:40.44,42.2 1 1
github.com/ahmdrz/goinsta/goinsta.go:24.46,26.2 1 1
github.com/ahmdrz/goinsta/goinsta.go:30.65,32.2 1 1
github.com/ahmdrz/goinsta/goinsta.go:98.48,108.2 2 1
github.com/ahmdrz/goinsta/goinsta.go:112.39,114.16 2 1
github.com/ahmdrz/goinsta/goinsta.go:118.2,130.16 4 1
github.com/ahmdrz/goinsta/goinsta.go:134.2,135.16 2 1
github.com/ahmdrz/goinsta/goinsta.go:139.2,145.16 3 1
github.com/ahmdrz/goinsta/goinsta.go:149.2,155.12 6 1
github.com/ahmdrz/goinsta/goinsta.go:114.16,116.3 1 0
github.com/ahmdrz/goinsta/goinsta.go:130.16,132.3 1 0
github.com/ahmdrz/goinsta/goinsta.go:135.16,137.3 1 0
github.com/ahmdrz/goinsta/goinsta.go:145.16,147.3 1 0
github.com/ahmdrz/goinsta/goinsta.go:159.40,163.2 3 1
github.com/ahmdrz/goinsta/goinsta.go:167.92,169.16 2 1
github.com/ahmdrz/goinsta/goinsta.go:173.2,175.16 3 1
github.com/ahmdrz/goinsta/goinsta.go:179.2,179.18 1 1
github.com/ahmdrz/goinsta/goinsta.go:169.16,171.3 1 0
github.com/ahmdrz/goinsta/goinsta.go:175.16,177.3 1 0
github.com/ahmdrz/goinsta/goinsta.go:184.92,186.16 2 1
github.com/ahmdrz/goinsta/goinsta.go:190.2,192.16 3 1
github.com/ahmdrz/goinsta/goinsta.go:196.2,196.18 1 1
github.com/ahmdrz/goinsta/goinsta.go:186.16,188.3 1 0
github.com/ahmdrz/goinsta/goinsta.go:192.16,194.3 1 0
github.com/ahmdrz/goinsta/goinsta.go:203.85,205.23 1 1
github.com/ahmdrz/goinsta/goinsta.go:225.2,227.16 3 1
github.com/ahmdrz/goinsta/goinsta.go:231.2,231.18 1 1
github.com/ahmdrz/goinsta/goinsta.go:205.23,207.17 2 0
github.com/ahmdrz/goinsta/goinsta.go:207.17,209.4 1 0
github.com/ahmdrz/goinsta/goinsta.go:210.3,210.30 1 1
github.com/ahmdrz/goinsta/goinsta.go:210.30,212.17 2 0
github.com/ahmdrz/goinsta/goinsta.go:212.17,214.4 1 0
github.com/ahmdrz/goinsta/goinsta.go:215.3,215.30 1 1
github.com/ahmdrz/goinsta/goinsta.go:215.30,217.17 2 1
github.com/ahmdrz/goinsta/goinsta.go:217.17,219.4 1 0
github.com/ahmdrz/goinsta/goinsta.go:220.3,223.3 1 0
github.com/ahmdrz/goinsta/goinsta.go:227.16,229.3 1 0
github.com/ahmdrz/goinsta/goinsta.go:235.91,237.16 2 1
github.com/ahmdrz/goinsta/goinsta.go:240.2,242.16 3 1
github.com/ahmdrz/goinsta/goinsta.go:246.2,246.18 1 1
github.com/ahmdrz/goinsta/goinsta.go:237.16,239.3 1 0
github.com/ahmdrz/goinsta/goinsta.go:242.16,244.3 1 0
github.com/ahmdrz/goinsta/goinsta.go:251.40,259.16 2 1
github.com/ahmdrz/goinsta/goinsta.go:263.2,264.16 2 1
github.com/ahmdrz/goinsta/goinsta.go:268.2,271.16 3 1
github.com/ahmdrz/goinsta/goinsta.go:275.2,275.12 1 1
github.com/ahmdrz/goinsta/goinsta.go:259.16,261.3 1 0
github.com/ahmdrz/goinsta/goinsta.go:264.16,266.3 1 0
github.com/ahmdrz/goinsta/goinsta.go:271.16,273.3 1 0
github.com/ahmdrz/goinsta/goinsta.go:279.83,287.16 2 1
github.com/ahmdrz/goinsta/goinsta.go:291.2,292.16 2 1
github.com/ahmdrz/goinsta/goinsta.go:296.2,299.16 3 1
github.com/ahmdrz/goinsta/goinsta.go:303.2,303.18 1 1
github.com/ahmdrz/goinsta/goinsta.go:287.16,289.3 1 0
github.com/ahmdrz/goinsta/goinsta.go:292.16,294.3 1 0
github.com/ahmdrz/goinsta/goinsta.go:299.16,301.3 1 0
github.com/ahmdrz/goinsta/goinsta.go:307.82,313.16 2 1
github.com/ahmdrz/goinsta/goinsta.go:317.2,318.16 2 1
github.com/ahmdrz/goinsta/goinsta.go:322.2,324.16 3 1
github.com/ahmdrz/goinsta/goinsta.go:328.2,328.18 1 1
github.com/ahmdrz/goinsta/goinsta.go:313.16,315.3 1 0
github.com/ahmdrz/goinsta/goinsta.go:318.16,320.3 1 0
github.com/ahmdrz/goinsta/goinsta.go:324.16,326.3 1 0
github.com/ahmdrz/goinsta/goinsta.go:332.83,338.16 2 1
github.com/ahmdrz/goinsta/goinsta.go:342.2,343.16 2 1
github.com/ahmdrz/goinsta/goinsta.go:347.2,349.16 3 1
github.com/ahmdrz/goinsta/goinsta.go:353.2,353.18 1 1
github.com/ahmdrz/goinsta/goinsta.go:338.16,340.3 1 0
github.com/ahmdrz/goinsta/goinsta.go:343.16,345.3 1 0
github.com/ahmdrz/goinsta/goinsta.go:349.16,351.3 1 0
github.com/ahmdrz/goinsta/goinsta.go:357.80,363.16 2 1
github.com/ahmdrz/goinsta/goinsta.go:367.2,368.16 2 1
github.com/ahmdrz/goinsta/goinsta.go:372.2,374.16 3 1
github.com/ahmdrz/goinsta/goinsta.go:378.2,378.18 1 1
github.com/ahmdrz/goinsta/goinsta.go:363.16,365.3 1 0
github.com/ahmdrz/goinsta/goinsta.go:368.16,370.3 1 0
github.com/ahmdrz/goinsta/goinsta.go:374.16,376.3 1 0
github.com/ahmdrz/goinsta/goinsta.go:382.86,388.16 2 1
github.com/ahmdrz/goinsta/goinsta.go:392.2,393.16 2 1
github.com/ahmdrz/goinsta/goinsta.go:397.2,399.16 3 1
github.com/ahmdrz/goinsta/goinsta.go:403.2,403.18 1 1
github.com/ahmdrz/goinsta/goinsta.go:388.16,390.3 1 0
github.com/ahmdrz/goinsta/goinsta.go:393.16,395.3 1 0
github.com/ahmdrz/goinsta/goinsta.go:399.16,401.3 1 0
github.com/ahmdrz/goinsta/goinsta.go:407.92,409.16 2 1
github.com/ahmdrz/goinsta/goinsta.go:413.2,415.16 3 1
github.com/ahmdrz/goinsta/goinsta.go:419.2,419.18 1 1
github.com/ahmdrz/goinsta/goinsta.go:409.16,411.3 1 0
github.com/ahmdrz/goinsta/goinsta.go:415.16,417.3 1 0
github.com/ahmdrz/goinsta/goinsta.go:423.80,425.16 2 1
github.com/ahmdrz/goinsta/goinsta.go:429.2,431.16 3 1
github.com/ahmdrz/goinsta/goinsta.go:435.2,435.18 1 1
github.com/ahmdrz/goinsta/goinsta.go:425.16,427.3 1 0
github.com/ahmdrz/goinsta/goinsta.go:431.16,433.3 1 0
github.com/ahmdrz/goinsta/goinsta.go:439.163,446.16 5 0
github.com/ahmdrz/goinsta/goinsta.go:449.2,457.16 7 0
github.com/ahmdrz/goinsta/goinsta.go:460.2,460.41 1 0
github.com/ahmdrz/goinsta/goinsta.go:463.2,467.16 3 0
github.com/ahmdrz/goinsta/goinsta.go:470.2,480.44 10 0
github.com/ahmdrz/goinsta/goinsta.go:484.2,488.16 3 0
github.com/ahmdrz/goinsta/goinsta.go:491.2,500.28 6 0
github.com/ahmdrz/goinsta/goinsta.go:504.2,506.16 3 0
github.com/ahmdrz/goinsta/goinsta.go:510.2,510.31 1 0
github.com/ahmdrz/goinsta/goinsta.go:446.16,448.3 1 0
github.com/ahmdrz/goinsta/goinsta.go:457.16,459.3 1 0
github.com/ahmdrz/goinsta/goinsta.go:460.41,462.3 1 0
github.com/ahmdrz/goinsta/goinsta.go:467.16,469.3 1 0
github.com/ahmdrz/goinsta/goinsta.go:480.44,482.3 1 0
github.com/ahmdrz/goinsta/goinsta.go:488.16,490.3 1 0
github.com/ahmdrz/goinsta/goinsta.go:500.28,502.3 1 0
github.com/ahmdrz/goinsta/goinsta.go:506.16,508.3 1 0
github.com/ahmdrz/goinsta/goinsta.go:510.31,512.17 2 0
github.com/ahmdrz/goinsta/goinsta.go:516.3,537.17 13 0
github.com/ahmdrz/goinsta/goinsta.go:540.3,541.17 2 0
github.com/ahmdrz/goinsta/goinsta.go:545.3,547.17 3 0
github.com/ahmdrz/goinsta/goinsta.go:551.3,551.29 1 0
github.com/ahmdrz/goinsta/goinsta.go:512.17,514.4 1 0
github.com/ahmdrz/goinsta/goinsta.go:537.17,539.4 1 0
github.com/ahmdrz/goinsta/goinsta.go:541.17,543.4 1 0
github.com/ahmdrz/goinsta/goinsta.go:547.17,549.4 1 0
github.com/ahmdrz/goinsta/goinsta.go:552.3,554.3 1 0
github.com/ahmdrz/goinsta/goinsta.go:558.45,560.2 1 0
github.com/ahmdrz/goinsta/goinsta.go:563.80,570.16 2 1
github.com/ahmdrz/goinsta/goinsta.go:574.2,575.16 2 1
github.com/ahmdrz/goinsta/goinsta.go:579.2,581.16 3 1
github.com/ahmdrz/goinsta/goinsta.go:585.2,585.18 1 1
github.com/ahmdrz/goinsta/goinsta.go:570.16,572.3 1 0
github.com/ahmdrz/goinsta/goinsta.go:575.16,577.3 1 0
github.com/ahmdrz/goinsta/goinsta.go:581.16,583.3 1 0
github.com/ahmdrz/goinsta/goinsta.go:589.84,596.16 2 1
github.com/ahmdrz/goinsta/goinsta.go:600.2,601.16 2 1
github.com/ahmdrz/goinsta/goinsta.go:605.2,607.16 3 1
github.com/ahmdrz/goinsta/goinsta.go:611.2,611.18 1 1
github.com/ahmdrz/goinsta/goinsta.go:596.16,598.3 1 0
github.com/ahmdrz/goinsta/goinsta.go:601.16,603.3 1 0
github.com/ahmdrz/goinsta/goinsta.go:607.16,609.3 1 0
github.com/ahmdrz/goinsta/goinsta.go:614.62,621.16 2 0
github.com/ahmdrz/goinsta/goinsta.go:625.2,626.16 2 0
github.com/ahmdrz/goinsta/goinsta.go:630.2,630.30 1 0
github.com/ahmdrz/goinsta/goinsta.go:621.16,623.3 1 0
github.com/ahmdrz/goinsta/goinsta.go:626.16,628.3 1 0
github.com/ahmdrz/goinsta/goinsta.go:633.64,640.16 2 0
github.com/ahmdrz/goinsta/goinsta.go:644.2,645.16 2 0
github.com/ahmdrz/goinsta/goinsta.go:649.2,649.30 1 0
github.com/ahmdrz/goinsta/goinsta.go:640.16,642.3 1 0
github.com/ahmdrz/goinsta/goinsta.go:645.16,647.3 1 0
github.com/ahmdrz/goinsta/goinsta.go:652.62,659.16 2 1
github.com/ahmdrz/goinsta/goinsta.go:663.2,664.16 2 1
github.com/ahmdrz/goinsta/goinsta.go:668.2,668.30 1 1
github.com/ahmdrz/goinsta/goinsta.go:659.16,661.3 1 0
github.com/ahmdrz/goinsta/goinsta.go:664.16,666.3 1 0
github.com/ahmdrz/goinsta/goinsta.go:671.64,678.16 2 0
github.com/ahmdrz/goinsta/goinsta.go:682.2,683.16 2 0
github.com/ahmdrz/goinsta/goinsta.go:687.2,687.30 1 0
github.com/ahmdrz/goinsta/goinsta.go:678.16,680.3 1 0
github.com/ahmdrz/goinsta/goinsta.go:683.16,685.3 1 0
github.com/ahmdrz/goinsta/goinsta.go:690.83,704.16 7 0
github.com/ahmdrz/goinsta/goinsta.go:708.2,709.16 2 0
github.com/ahmdrz/goinsta/goinsta.go:713.2,713.30 1 0
github.com/ahmdrz/goinsta/goinsta.go:704.16,706.3 1 0
github.com/ahmdrz/goinsta/goinsta.go:709.16,711.3 1 0
github.com/ahmdrz/goinsta/goinsta.go:716.69,730.16 7 0
github.com/ahmdrz/goinsta/goinsta.go:734.2,735.16 2 0
github.com/ahmdrz/goinsta/goinsta.go:739.2,739.30 1 0
github.com/ahmdrz/goinsta/goinsta.go:730.16,732.3 1 0
github.com/ahmdrz/goinsta/goinsta.go:735.16,737.3 1 0
github.com/ahmdrz/goinsta/goinsta.go:742.71,754.16 6 0
github.com/ahmdrz/goinsta/goinsta.go:758.2,759.16 2 0
github.com/ahmdrz/goinsta/goinsta.go:763.2,763.30 1 0
github.com/ahmdrz/goinsta/goinsta.go:754.16,756.3 1 0
github.com/ahmdrz/goinsta/goinsta.go:759.16,761.3 1 0
github.com/ahmdrz/goinsta/goinsta.go:766.71,780.16 7 1
github.com/ahmdrz/goinsta/goinsta.go:784.2,785.16 2 1
github.com/ahmdrz/goinsta/goinsta.go:789.2,789.30 1 1
github.com/ahmdrz/goinsta/goinsta.go:780.16,782.3 1 0
github.com/ahmdrz/goinsta/goinsta.go:785.16,787.3 1 0
github.com/ahmdrz/goinsta/goinsta.go:792.82,804.16 6 1
github.com/ahmdrz/goinsta/goinsta.go:808.2,809.16 2 1
github.com/ahmdrz/goinsta/goinsta.go:813.2,813.30 1 1
github.com/ahmdrz/goinsta/goinsta.go:804.16,806.3 1 0
github.com/ahmdrz/goinsta/goinsta.go:809.16,811.3 1 0
github.com/ahmdrz/goinsta/goinsta.go:816.63,818.16 2 0
github.com/ahmdrz/goinsta/goinsta.go:822.2,822.30 1 0
github.com/ahmdrz/goinsta/goinsta.go:818.16,820.3 1 0
github.com/ahmdrz/goinsta/goinsta.go:825.51,827.16 2 0
github.com/ahmdrz/goinsta/goinsta.go:831.2,831.30 1 0
github.com/ahmdrz/goinsta/goinsta.go:827.16,829.3 1 0
github.com/ahmdrz/goinsta/goinsta.go:834.76,852.16 9 0
github.com/ahmdrz/goinsta/goinsta.go:856.2,857.16 2 0
github.com/ahmdrz/goinsta/goinsta.go:861.2,861.30 1 0
github.com/ahmdrz/goinsta/goinsta.go:852.16,854.3 1 0
github.com/ahmdrz/goinsta/goinsta.go:857.16,859.3 1 0
github.com/ahmdrz/goinsta/goinsta.go:864.67,867.21 2 0
github.com/ahmdrz/goinsta/goinsta.go:875.2,877.16 2 0
github.com/ahmdrz/goinsta/goinsta.go:881.2,881.30 1 0
github.com/ahmdrz/goinsta/goinsta.go:867.21,869.3 1 0
github.com/ahmdrz/goinsta/goinsta.go:869.3,869.28 1 0
github.com/ahmdrz/goinsta/goinsta.go:869.28,871.3 1 0
github.com/ahmdrz/goinsta/goinsta.go:871.3,873.3 1 0
github.com/ahmdrz/goinsta/goinsta.go:877.16,879.3 1 0
github.com/ahmdrz/goinsta/goinsta.go:886.60,888.16 2 0
github.com/ahmdrz/goinsta/goinsta.go:892.2,893.16 2 0
github.com/ahmdrz/goinsta/goinsta.go:896.2,896.39 1 0
github.com/ahmdrz/goinsta/goinsta.go:888.16,890.3 1 0
github.com/ahmdrz/goinsta/goinsta.go:893.16,895.3 1 0
github.com/ahmdrz/goinsta/goinsta.go:899.88,901.2 1 0
github.com/ahmdrz/goinsta/goinsta.go:903.88,905.2 1 0
github.com/ahmdrz/goinsta/goinsta.go:907.81,909.6 2 0
github.com/ahmdrz/goinsta/goinsta.go:909.6,911.17 2 0
github.com/ahmdrz/goinsta/goinsta.go:914.3,914.40 1 0
github.com/ahmdrz/goinsta/goinsta.go:917.3,918.25 2 0
github.com/ahmdrz/goinsta/goinsta.go:921.3,922.33 2 0
github.com/ahmdrz/goinsta/goinsta.go:911.17,913.4 1 0
github.com/ahmdrz/goinsta/goinsta.go:914.40,916.4 1 0
github.com/ahmdrz/goinsta/goinsta.go:918.25,920.4 1 0
github.com/ahmdrz/goinsta/goinsta.go:926.81,928.6 2 0
github.com/ahmdrz/goinsta/goinsta.go:928.6,930.17 2 0
github.com/ahmdrz/goinsta/goinsta.go:933.3,933.40 1 0
github.com/ahmdrz/goinsta/goinsta.go:936.3,937.25 2 0
github.com/ahmdrz/goinsta/goinsta.go:940.3,941.33 2 0
github.com/ahmdrz/goinsta/goinsta.go:930.17,932.4 1 0
github.com/ahmdrz/goinsta/goinsta.go:933.40,935.4 1 0
github.com/ahmdrz/goinsta/goinsta.go:937.25,939.4 1 0
github.com/ahmdrz/goinsta/goinsta.go:945.61,947.16 2 1
github.com/ahmdrz/goinsta/goinsta.go:951.2,951.30 1 1
github.com/ahmdrz/goinsta/goinsta.go:947.16,949.3 1 0
github.com/ahmdrz/goinsta/goinsta.go:954.70,956.16 2 0
github.com/ahmdrz/goinsta/goinsta.go:960.2,960.30 1 0
github.com/ahmdrz/goinsta/goinsta.go:956.16,958.3 1 0
github.com/ahmdrz/goinsta/goinsta.go:963.70,965.16 2 1
github.com/ahmdrz/goinsta/goinsta.go:969.2,969.30 1 1
github.com/ahmdrz/goinsta/goinsta.go:965.16,967.3 1 0
github.com/ahmdrz/goinsta/goinsta.go:972.66,974.16 2 1
github.com/ahmdrz/goinsta/goinsta.go:978.2,978.30 1 1
github.com/ahmdrz/goinsta/goinsta.go:974.16,976.3 1 0
github.com/ahmdrz/goinsta/goinsta.go:981.75,983.16 2 0
github.com/ahmdrz/goinsta/goinsta.go:987.2,987.30 1 0
github.com/ahmdrz/goinsta/goinsta.go:983.16,985.3 1 0
github.com/ahmdrz/goinsta/request.go:17.85,18.33 1 1
github.com/ahmdrz/goinsta/request.go:22.2,25.19 3 1
github.com/ahmdrz/goinsta/request.go:37.2,46.12 8 1
github.com/ahmdrz/goinsta/request.go:54.2,58.16 3 1
github.com/ahmdrz/goinsta/request.go:61.2,70.28 6 1
github.com/ahmdrz/goinsta/request.go:74.2,74.12 1 1
github.com/ahmdrz/goinsta/request.go:18.33,20.3 1 0
github.com/ahmdrz/goinsta/request.go:25.19,27.17 2 1
github.com/ahmdrz/goinsta/request.go:27.17,29.4 1 0
github.com/ahmdrz/goinsta/request.go:30.3,32.17 2 1
github.com/ahmdrz/goinsta/request.go:32.17,34.4 1 0
github.com/ahmdrz/goinsta/request.go:46.12,47.45 1 1
github.com/ahmdrz/goinsta/request.go:47.45,49.4 1 1
github.com/ahmdrz/goinsta/request.go:50.3,52.3 1 1
github.com/ahmdrz/goinsta/request.go:58.16,60.3 1 0
github.com/ahmdrz/goinsta/request.go:70.28,72.3 1 0
github.com/ahmdrz/goinsta/cookiejar.go:14.20,18.2 3 1
github.com/ahmdrz/goinsta/cookiejar.go:23.65,27.2 3 1
github.com/ahmdrz/goinsta/cookiejar.go:32.53,34.2 1 1
